<?xml version="1.0" encoding="utf-8"?><testsuites name="pytest tests"><testsuite name="pytest" errors="0" failures="0" skipped="0" tests="16" time="4.879" timestamp="2026-03-11T07:24:25.850620+00:00" hostname="agent-env-8ea48b0e-deeb-4c5a-a8ce-52321480c221"><testcase classname="backend.tests.test_matches_video_chat.TestMatchesEndpoint" name="test_get_matches_requires_auth" time="0.121" /><testcase classname="backend.tests.test_matches_video_chat.TestMatchesEndpoint" name="test_get_matches_returns_list" time="0.431" /><testcase classname="backend.tests.test_matches_video_chat.TestMatchesEndpoint" name="test_get_matches_enriched_with_other_user" time="0.387" /><testcase classname="backend.tests.test_matches_video_chat.TestSwipeEndpoint" name="test_swipe_requires_auth" time="0.115" /><testcase classname="backend.tests.test_matches_video_chat.TestSwipeEndpoint" name="test_swipe_invalid_action" time="0.407" /><testcase classname="backend.tests.test_matches_video_chat.TestSwipeEndpoint" name="test_swipe_like_no_match" time="0.370" /><testcase classname="backend.tests.test_matches_video_chat.TestSwipeEndpoint" name="test_swipe_pass" time="0.361" /><testcase classname="backend.tests.test_matches_video_chat.TestChatEndpoints" name="test_get_chat_messages_requires_auth" time="0.100" /><testcase classname="backend.tests.test_matches_video_chat.TestChatEndpoints" name="test_send_chat_message_requires_auth" time="0.097" /><testcase classname="backend.tests.test_matches_video_chat.TestChatEndpoints" name="test_get_chat_messages_unauthorized_match" time="0.421" /><testcase classname="backend.tests.test_matches_video_chat.TestChatEndpoints" name="test_get_chat_messages_for_valid_match" time="0.455" /><testcase classname="backend.tests.test_matches_video_chat.TestAgoraTokenEndpoint" name="test_agora_token_requires_auth" time="0.102" /><testcase classname="backend.tests.test_matches_video_chat.TestAgoraTokenEndpoint" name="test_agora_token_requires_channel_name" time="0.429" /><testcase classname="backend.tests.test_matches_video_chat.TestAgoraTokenEndpoint" name="test_agora_token_generation" time="0.478" /><testcase classname="backend.tests.test_matches_video_chat.TestMatchSuggestionsEndpoint" name="test_suggestions_requires_auth" time="0.098" /><testcase classname="backend.tests.test_matches_video_chat.TestMatchSuggestionsEndpoint" name="test_suggestions_returns_list" time="0.390" /></testsuite></testsuites>