<?xml version="1.0" encoding="utf-8"?><testsuites name="pytest tests"><testsuite name="pytest" errors="0" failures="0" skipped="0" tests="15" time="5.836" timestamp="2026-02-22T21:02:00.568291+00:00" hostname="agent-env-8ea48b0e-deeb-4c5a-a8ce-52321480c221"><testcase classname="backend.tests.test_pop_off_features.TestHealthAndBasicAPIs" name="test_boost_packages_endpoint" time="0.169" /><testcase classname="backend.tests.test_pop_off_features.TestHealthAndBasicAPIs" name="test_ads_config_endpoint_unauthenticated" time="0.117" /><testcase classname="backend.tests.test_pop_off_features.TestHealthAndBasicAPIs" name="test_social_platforms_endpoint" time="0.125" /><testcase classname="backend.tests.test_pop_off_features.TestHealthAndBasicAPIs" name="test_topics_endpoint" time="0.151" /><testcase classname="backend.tests.test_pop_off_features.TestAuthentication" name="test_login_success" time="0.348" /><testcase classname="backend.tests.test_pop_off_features.TestAuthentication" name="test_login_invalid_credentials" time="0.166" /><testcase classname="backend.tests.test_pop_off_features.TestAuthenticatedEndpoints" name="test_auth_me_endpoint" time="0.435" /><testcase classname="backend.tests.test_pop_off_features.TestAuthenticatedEndpoints" name="test_ads_config_authenticated" time="0.407" /><testcase classname="backend.tests.test_pop_off_features.TestAuthenticatedEndpoints" name="test_connected_socials_endpoint" time="0.410" /><testcase classname="backend.tests.test_pop_off_features.TestAuthenticatedEndpoints" name="test_social_connect_flow" time="0.599" /><testcase classname="backend.tests.test_pop_off_features.TestAuthenticatedEndpoints" name="test_topic_creation_and_boost_flow" time="1.272" /><testcase classname="backend.tests.test_pop_off_features.TestAuthenticatedEndpoints" name="test_reward_ad_endpoint" time="0.458" /><testcase classname="backend.tests.test_pop_off_features.TestAuthenticatedEndpoints" name="test_share_content_endpoint" time="0.843" /><testcase classname="backend.tests.test_pop_off_features.TestSearchAndFiltering" name="test_topic_search" time="0.158" /><testcase classname="backend.tests.test_pop_off_features.TestSearchAndFiltering" name="test_topic_category_filter" time="0.114" /></testsuite></testsuites>